#
# There is insufficient memory for the Java Runtime Environment to continue.
# Native memory allocation (mmap) failed to map 65536 bytes for Failed to commit area from 0x000001be26e40000 to 0x000001be26e50000 of length 65536.
# Possible reasons:
#   The system is out of physical RAM or swap space
#   The process is running with CompressedOops enabled, and the Java Heap may be blocking the growth of the native heap
# Possible solutions:
#   Reduce memory load on the system
#   Increase physical memory or swap space
#   Check if swap backing store is full
#   Decrease Java heap size (-Xmx/-Xms)
#   Decrease number of Java threads
#   Decrease Java thread stack sizes (-Xss)
#   Set larger code cache with -XX:ReservedCodeCacheSize=
# This output file may be truncated or incomplete.
#
#  Out of Memory Error (t:/workspace/open/src/hotspot/os/windows/os_windows.cpp:3269), pid=12564, tid=13040
#
# JRE version:  (11.0+28) (build )
# Java VM: OpenJDK 64-Bit Server VM (11+28, mixed mode, aot, sharing, tiered, compressed oops, g1 gc, windows-amd64)
# No core dump will be written. Minidumps are not enabled by default on client versions of Windows
#

---------------  S U M M A R Y ------------

Command Line: -Dfile.encoding=utf-8 sec01.exam01.breakExam05

Host: Intel(R) Core(TM) i7-4770 CPU @ 3.40GHz, 8 cores, 15G,  Windows 10 , 64 bit Build 19041 (10.0.19041.5794)
Time: Mon Jun  2 19:19:27 2025 대한민국 표준시 elapsed time: 0 seconds (0d 0h 0m 0s)

---------------  T H R E A D  ---------------

Current thread (0x000001be098a4800):  JavaThread "Unknown thread" [_thread_in_vm, id=13040, stack(0x0000007421800000,0x0000007421900000)]

Stack: [0x0000007421800000,0x0000007421900000]
Native frames: (J=compiled Java code, j=interpreted, Vv=VM code, C=native code)
V  [jvm.dll+0x63adaa]
V  [jvm.dll+0x77852f]
V  [jvm.dll+0x779b18]
V  [jvm.dll+0x77a1d3]
V  [jvm.dll+0x2624c8]
V  [jvm.dll+0x63825a]
V  [jvm.dll+0x62cb15]
V  [jvm.dll+0x31563c]
V  [jvm.dll+0x3154c2]
V  [jvm.dll+0x31ae4e]
V  [jvm.dll+0x367295]
V  [jvm.dll+0x366c90]
V  [jvm.dll+0x2f2378]
V  [jvm.dll+0x2f34d6]
V  [jvm.dll+0x7517d7]
V  [jvm.dll+0x752f1f]
V  [jvm.dll+0x374099]
V  [jvm.dll+0x738059]
V  [jvm.dll+0x3e35fd]
V  [jvm.dll+0x3e5961]
C  [javaw.exe+0x3613]
C  [javaw.exe+0x17a6c]
C  [KERNEL32.DLL+0x17374]
C  [ntdll.dll+0x4cc91]


---------------  P R O C E S S  ---------------

Threads class SMR info:
_java_thread_list=0x000001be07fa08a0, length=0, elements={
}

Java Threads: ( => current thread )

Other Threads:
  0x000001be098b9800 GCTaskThread "GC Thread#0" [stack: 0x0000007421900000,0x0000007421a00000] [id=2072]
  0x000001be0991a800 ConcurrentGCThread "G1 Main Marker" [stack: 0x0000007421a00000,0x0000007421b00000] [id=13936]
  0x000001be0991d000 ConcurrentGCThread "G1 Conc#0" [stack: 0x0000007421b00000,0x0000007421c00000] [id=11980]

[error occurred during error reporting (printing all threads), id 0xc0000005, EXCEPTION_ACCESS_VIOLATION (0xc0000005) at pc=0x00007ffeb1ed0d37]

VM state:not at safepoint (not fully initialized)

VM Mutex/Monitor currently owned by a thread:  ([mutex/lock_event])
[0x000001be098a1d80] Heap_lock - owner thread: 0x000001be098a4800

Heap address: 0x0000000702000000, size: 4064 MB, Compressed Oops mode: Non-zero based: 0x0000000702000000
Narrow klass base: 0x0000000000000000, Narrow klass shift: 0

GC Heap History (0 events):
No events

Deoptimization events (0 events):
No events

Classes redefined (0 events):
No events

Internal exceptions (0 events):
No events

Events (0 events):
No events


Dynamic libraries:
0x00007ff7d28c0000 - 0x00007ff7d2905000 	D:\jdk-11\bin\javaw.exe
0x00007ffef9b30000 - 0x00007ffef9d28000 	C:\WINDOWS\SYSTEM32\ntdll.dll
0x00007ffef8a30000 - 0x00007ffef8af2000 	C:\WINDOWS\System32\KERNEL32.DLL
0x00007ffef72f0000 - 0x00007ffef75e6000 	C:\WINDOWS\System32\KERNELBASE.dll
0x00007ffef8ea0000 - 0x00007ffef903d000 	C:\WINDOWS\System32\USER32.dll
0x00007ffef7800000 - 0x00007ffef7822000 	C:\WINDOWS\System32\win32u.dll
0x00007ffef9a60000 - 0x00007ffef9a8b000 	C:\WINDOWS\System32\GDI32.dll
0x00007ffef7a40000 - 0x00007ffef7b5a000 	C:\WINDOWS\System32\gdi32full.dll
0x00007ffef7250000 - 0x00007ffef72ed000 	C:\WINDOWS\System32\msvcp_win.dll
0x00007ffef78c0000 - 0x00007ffef79c0000 	C:\WINDOWS\System32\ucrtbase.dll
0x00007ffee5e60000 - 0x00007ffee60fa000 	C:\WINDOWS\WinSxS\amd64_microsoft.windows.common-controls_6595b64144ccf1df_6.0.19041.5794_none_60bcd33171f2783c\COMCTL32.dll
0x00007ffef9050000 - 0x00007ffef90ee000 	C:\WINDOWS\System32\msvcrt.dll
0x00007ffef8dc0000 - 0x00007ffef8def000 	C:\WINDOWS\System32\IMM32.DLL
0x00007ffeeddd0000 - 0x00007ffeedde6000 	D:\jdk-11\bin\vcruntime140.dll
0x00007ffee2220000 - 0x00007ffee22ca000 	D:\jdk-11\bin\msvcp140.dll
0x00007ffeb1bd0000 - 0x00007ffeb2711000 	D:\jdk-11\bin\server\jvm.dll
0x00007ffef99b0000 - 0x00007ffef9a5f000 	C:\WINDOWS\System32\ADVAPI32.dll
0x00007ffef9880000 - 0x00007ffef991f000 	C:\WINDOWS\System32\sechost.dll
0x00007ffef90f0000 - 0x00007ffef9213000 	C:\WINDOWS\System32\RPCRT4.dll
0x00007ffef7a10000 - 0x00007ffef7a37000 	C:\WINDOWS\System32\bcrypt.dll
0x00007ffef8e10000 - 0x00007ffef8e18000 	C:\WINDOWS\System32\PSAPI.DLL
0x00007ffeeddf0000 - 0x00007ffeeddf9000 	C:\WINDOWS\SYSTEM32\WSOCK32.dll
0x00007ffef8e30000 - 0x00007ffef8e9b000 	C:\WINDOWS\System32\WS2_32.dll
0x00007ffee7f70000 - 0x00007ffee7f97000 	C:\WINDOWS\SYSTEM32\WINMM.dll
0x00007ffee9730000 - 0x00007ffee973a000 	C:\WINDOWS\SYSTEM32\VERSION.dll
0x00007ffef5070000 - 0x00007ffef5082000 	C:\WINDOWS\SYSTEM32\kernel.appcore.dll
0x00007ffebefb0000 - 0x00007ffebefc1000 	D:\jdk-11\bin\verify.dll
0x00007ffee4290000 - 0x00007ffee4491000 	C:\WINDOWS\SYSTEM32\DBGHELP.DLL
0x00007ffee4210000 - 0x00007ffee4244000 	C:\WINDOWS\SYSTEM32\dbgcore.DLL
0x00007ffef7830000 - 0x00007ffef78b2000 	C:\WINDOWS\System32\bcryptPrimitives.dll
0x00007ffeb89f0000 - 0x00007ffeb8a18000 	D:\jdk-11\bin\java.dll
0x00007ffebef90000 - 0x00007ffebefa6000 	D:\jdk-11\bin\zip.dll
0x00007ffee1e80000 - 0x00007ffee1e8a000 	D:\jdk-11\bin\jimage.dll

dbghelp: loaded successfully - version: 4.0.5 - missing functions: none
symbol engine: initialized successfully - sym options: 0x614 - pdb path: .;D:\jdk-11\bin;C:\WINDOWS\SYSTEM32;C:\WINDOWS\WinSxS\amd64_microsoft.windows.common-controls_6595b64144ccf1df_6.0.19041.5794_none_60bcd33171f2783c;D:\jdk-11\bin\server

VM Arguments:
jvm_args: -Dfile.encoding=utf-8 
java_command: sec01.exam01.breakExam05
java_class_path (initial): D:\workspace\workspace_java\chap04\bin
Launcher Type: SUN_STANDARD

[Global flags]
     intx CICompilerCount                          = 4                                         {product} {ergonomic}
     uint ConcGCThreads                            = 2                                         {product} {ergonomic}
     uint G1ConcRefinementThreads                  = 8                                         {product} {ergonomic}
   size_t G1HeapRegionSize                         = 1048576                                   {product} {ergonomic}
    uintx GCDrainStackTargetSize                   = 64                                        {product} {ergonomic}
   size_t InitialHeapSize                          = 266338304                                 {product} {ergonomic}
   size_t MarkStackSize                            = 4194304                                   {product} {ergonomic}
   size_t MaxHeapSize                              = 4261412864                                {product} {ergonomic}
   size_t MinHeapDeltaBytes                        = 1048576                                   {product} {ergonomic}
    uintx NonNMethodCodeHeapSize                   = 5835340                                {pd product} {ergonomic}
    uintx NonProfiledCodeHeapSize                  = 122911450                              {pd product} {ergonomic}
    uintx ProfiledCodeHeapSize                     = 122911450                              {pd product} {ergonomic}
    uintx ReservedCodeCacheSize                    = 251658240                              {pd product} {ergonomic}
     bool SegmentedCodeCache                       = true                                      {product} {ergonomic}
     bool UseCompressedClassPointers               = true                                 {lp64_product} {ergonomic}
     bool UseCompressedOops                        = true                                 {lp64_product} {ergonomic}
     bool UseG1GC                                  = true                                      {product} {ergonomic}
     bool UseLargePagesIndividualAllocation        = false                                  {pd product} {ergonomic}

Logging:
Log output configuration:
 #0: stdout all=warning uptime,level,tags
 #1: stderr all=off uptime,level,tags

Environment Variables:
PATH=D:/jdk-11/bin/server;D:/jdk-11/bin;C:\WINDOWS\system32;C:\WINDOWS;C:\WINDOWS\System32\Wbem;C:\WINDOWS\System32\WindowsPowerShell\v1.0\;C:\WINDOWS\System32\OpenSSH\;C:\Program Files\Bandizip\;C:\Users\admin\AppData\Local\Microsoft\WindowsApps;;D:\tool\sts-bundle\sts-3.9.18.RELEASE;
USERNAME=admin
OS=Windows_NT
PROCESSOR_IDENTIFIER=Intel64 Family 6 Model 60 Stepping 3, GenuineIntel



---------------  S Y S T E M  ---------------

OS: Windows 10 , 64 bit Build 19041 (10.0.19041.5794)

CPU:total 8 (initial active 8) (4 cores per cpu, 2 threads per core) family 6 model 60 stepping 3, cmov, cx8, fxsr, mmx, sse, sse2, sse3, ssse3, sse4.1, sse4.2, popcnt, avx, avx2, aes, clmul, erms, lzcnt, ht, tsc, tscinvbit, bmi1, bmi2, fma

Memory: 4k page, system-wide physical 16255M (9864M free)
TotalPageFile size 30483M (AvailPageFile size 5M)
current process WorkingSet (physical memory assigned to process): 14M, peak: 14M
current process commit charge ("private bytes"): 319M, peak: 319M

vm_info: OpenJDK 64-Bit Server VM (11+28) for windows-amd64 JRE (11+28), built on Aug 23 2018 03:04:58 by "mach5one" with MS VC++ 15.5 (VS2017)

END.
